<?xml version="1.0" encoding="UTF-8"?>
<testsuite name="tests.REST_API" tests="1" skipped="0" failures="0" errors="0" timestamp="2025-03-30T09:12:59" hostname="DESKTOP-UT24LFN" time="1.51">
  <properties/>
  <testcase name="successfulRegisterTest()" classname="tests.REST_API" time="1.51"/>
  <system-out><![CDATA[Request URI:	https://reqres.in/api/register
HTTP/1.1 200 OK
{
    "id": 4,
    "token": "QpwL5tke4Pnpja7X4"
}
]]></system-out>
  <system-err><![CDATA[]]></system-err>
</testsuite>
