<?xml version="1.0" encoding="UTF-8"?>
<testsuite name="tests.ReferenceData" tests="10" skipped="0" failures="0" errors="0" timestamp="2025-04-18T11:48:01" hostname="DESKTOP-UT24LFN" time="4.502">
  <properties/>
  <testcase name="cardSpeciesGet2Test()" classname="tests.ReferenceData" time="3.529"/>
  <testcase name="cardTypeGet5Test()" classname="tests.ReferenceData" time="0.129"/>
  <testcase name="contactTypeGet5Test()" classname="tests.ReferenceData" time="0.107"/>
  <testcase name="cardSpeciesAllTest()" classname="tests.ReferenceData" time="0.096"/>
  <testcase name="cardTypeAllTest()" classname="tests.ReferenceData" time="0.103"/>
  <testcase name="benefitCategoryGet5Test()" classname="tests.ReferenceData" time="0.096"/>
  <testcase name="benefitCategoryAllTest()" classname="tests.ReferenceData" time="0.145"/>
  <testcase name="contactTypeAllTest()" classname="tests.ReferenceData" time="0.087"/>
  <testcase name="countryTypeGet5Test()" classname="tests.ReferenceData" time="0.112"/>
  <testcase name="addressTypeGet5Test()" classname="tests.ReferenceData" time="0.082"/>
  <system-out><![CDATA[HTTP/1.1 200 OK
{
    "id": "2",
    "code": "02",
    "name": "Социальная"
}
HTTP/1.1 200 OK
{
    "id": "5",
    "code": "5",
    "name": "Карта москвича для нельготных категорий (ЕРСЛ)",
    "cardSpecies": "02"
}
HTTP/1.1 200 OK
[
    {
        "id": "2",
        "code": "9",
        "name": "Дополнительный мобильный телефон"
    },
    {
        "id": "3",
        "code": "8",
        "name": "Мобильный телефон"
    },
    {
        "id": "4",
        "code": "7",
        "name": "E-mail"
    },
    {
        "id": "5",
        "code": "13",
        "name": "E-mail организации"
    },
    {
        "id": "6",
        "code": "1",
        "name": "Домашний телефон"
    },
    {
        "id": "7",
        "code": "12",
        "name": "Телефон организации"
    },
    {
        "id": "8",
        "code": "11",
        "name": "Рабочий e-mail"
    },
    {
        "id": "1",
        "code": "10",
        "name": "Дополнительный e-mail"
    }
]
HTTP/1.1 200 OK
[
    {
        "id": "1",
        "code": "03",
        "name": "Другая"
    },
    {
        "id": "2",
        "code": "02",
        "name": "Социальная"
    },
    {
        "id": "3",
        "code": "01",
        "name": "Транспортная"
    }
]
HTTP/1.1 200 OK
[
    {
        "id": "9",
        "code": "1",
        "name": "Карта москвича для получения мер социальной поддержки",
        "cardSpecies": "02"
    },
    {
        "id": "10",
        "code": "0",
        "name": "Карта \"Тройка\"",
        "cardSpecies": "01"
    },
    {
        "id": "3",
        "code": "7",
        "name": "Карта москвича для нельготных категорий (ИС нельготных карт)",
        "cardSpecies": "02"
    },
    {
        "id": "4",
        "code": "6",
        "name": "Карта москвича для получения жилищных субсидий",
        "cardSpecies": "02"
    },
    {
        "id": "8",
        "code": "2",
        "name": "Карта москвича для будущей матери",
        "cardSpecies": "02"
    },
    {
        "id": "6",
        "code": "4",
        "name": "Карта москвича для студента",
        "cardSpecies": "02"
    },
    {
        "id": "7",
        "code": "3",
        "name": "Карта москвича для учащегося",
        "cardSpecies": "02"
    },
    {
        "id": "1",
        "code": "9",
        "name": "Единый читательский билет",
        "cardSpecies": "03"
    },
    {
        "id": "2",
        "code": "8",
        "name": "null",
        "cardSpecies": "02"
    },
    {
        "id": "5",
        "code": "5",
        "name": "Карта москвича для нельготных категорий (ЕРСЛ)",
        "cardSpecies": "02"
    }
]
HTTP/1.1 200 OK
{
    "id": "5",
    "code": "1013",
    "fullName": "Инвалид 2 группы",
    "shortName": "Инвалид 2 группы"
}
HTTP/1.1 200 OK
[
    {
        "id": "10",
        "code": "1015",
        "fullName": "Ребенок-инвалид",
        "shortName": "Ребенок-инвалид"
    },
    {
        "id": "11",
        "code": "1026",
        "fullName": "Лицо, достигшее возраста 55 лет для женщин и 60 лет для мужчин, имеющее страховой стаж, необходимый для назначения страховой пенсии по старости",
        "shortName": "Предпенсионер"
    },
    {
        "id": "13",
        "code": "1027",
        "fullName": "Собственник жилого помещения, достигший возраста 70 лет и проживающий в составе семьи, состоящей только из совместно проживающих  неработающих граждан пенсионного возраста",
        "shortName": "Собств. ЖП 70 лет из семьи, сост. только из пенс."
    },
    {
        "id": "14",
        "code": "1017",
        "fullName": "Лицо, занятое уходом за ребенком инвалидом или инвалидом с детства в возрасте до 23 лет",
        "shortName": "Лицо, занятое уходом за ребенком-инвалидом  до 23 л."
    },
    {
        "id": "2",
        "code": "1012",
        "fullName": "Инвалид 1 группы",
        "shortName": "Инвалид 1 группы"
    },
    {
        "id": "4",
        "code": "1002",
        "fullName": "Ребенок из многодетной семьи",
        "shortName": "Ребенок многодетной семьи"
    },
    {
        "id": "6",
        "code": "1024",
        "fullName": "Пенсионер, на иждивении которого есть дети в возрасте до 18 лет",
        "shortName": "Пенсионер, на иждивении которого дети до 18 л."
    },
    {
        "id": "7",
        "code": "1003",
        "fullName": "Родитель семьи с 3 и более детьми",
        "shortName": "Родитель семьи с 3 и более детьми"
    },
    {
        "id": "21",
        "code": "1011",
        "fullName": "Инвалид",
        "shortName": "Инвалид"
    },
    {
        "id": "22",
        "code": "1022",
        "fullName": "Одинокий пенсионер",
        "shortName": "Одинокий пенсионер"
    },
    {
        "id": "20",
        "code": "1021",
        "fullName": "Пенсионер",
        "shortName": "Пенсионер"
    },
    {
        "id": "5",
        "code": "1013",
        "fullName": "Инвалид 2 группы",
        "shortName": "Инвалид 2 группы"
    },
    {
        "id": "9",
        "code": "1025",
        "fullName": "Одиноко проживающий неработающий собственник жилого помещения в г.Москве, достигший возраста 70 лет",
        "shortName": "Одинок. нераб. собств. ЖП 70 лет"
    },
    {
        "id": "16",
        "code": "1018",
        "fullName": "Родитель или иной законный представитель ребенка-инвалида",
        "shortName": "Закон. предствитель ребенка-инвалида"
    },
    {
        "id": "18",
        "code": "1019",
        "fullName": "Родитель инвалида с детства",
        "shortName": "Родитель инвалида с детства"
    },
    {
        "id": "3",
        "code": "1023",
        "fullName": "Пенсионер, являющийся членом семьи, состоящей из пенсионеров",
        "shortName": "Пенсионер из семьи пенсионеров"
    },
    {
        "id": "12",
        "code": "1016",
        "fullName": "Инвалид с детства",
        "shortName": "Инвалид с детства"
    },
    {
        "id": "17",
        "code": "1029",
        "fullName": "Собственник жилого помещения, достигший возраста 80 лет и проживающий в составе семьи, состоящей только из совместно проживающих  неработающих граждан пенсионного возраста",
        "shortName": "Собств. ЖП 80 лет из семьи, сост. только из пенс."
    },
    {
        "id": "19",
        "code": "1030",
        "fullName": "Лицо старше шестидесяти лет (мужчины) и пятидесяти пяти (женщины)",
        "shortName": "Лицо старше шестидесяти лет (мужчины) и пятидесяти пяти (женщины)"
    },
    {
        "id": "1",
        "code": "1001",
        "fullName": "Родитель многодетной семьи",
        "shortName": "Родитель многодетной семьи"
    },
    {
        "id": "8",
        "code": "1014",
        "fullName": "Инвалид 3 группы",
        "shortName": "Инвалид 3 группы"
    },
    {
        "id": "15",
        "code": "1028",
        "fullName": "Одиноко проживающий неработающий собственник жилого помещения в г.Москве, достигший возраста 80 лет",
        "shortName": "Одинок. нераб. собств. ЖП 80 лет"
    }
]
HTTP/1.1 200 OK
[
    {
        "id": "3",
        "code": "8",
        "name": "Мобильный телефон"
    },
    {
        "id": "4",
        "code": "7",
        "name": "E-mail"
    },
    {
        "id": "5",
        "code": "13",
        "name": "E-mail организации"
    },
    {
        "id": "6",
        "code": "1",
        "name": "Домашний телефон"
    },
    {
        "id": "7",
        "code": "12",
        "name": "Телефон организации"
    },
    {
        "id": "8",
        "code": "11",
        "name": "Рабочий e-mail"
    },
    {
        "id": "1",
        "code": "10",
        "name": "Дополнительный e-mail"
    },
    {
        "id": "2",
        "code": "9",
        "name": "Дополнительный мобильный телефон"
    }
]
HTTP/1.1 200 OK
{
    "id": "5",
    "code": "090",
    "code2": "SB",
    "code3": "SLB",
    "name": "Соломоновы Острова",
    "shortName": "СОЛОМОНОВЫ ОСТРОВА"
}
HTTP/1.1 200 OK
{
    "id": "5",
    "code": "4",
    "name": "Почтовый"
}
]]></system-out>
  <system-err><![CDATA[]]></system-err>
</testsuite>
