<?xml version="1.0" encoding="UTF-8"?>
<testsuite name="tests.REST_API" tests="1" skipped="0" failures="0" errors="0" timestamp="2025-03-30T16:50:46" hostname="DESKTOP-UT24LFN" time="1.661">
  <properties/>
  <testcase name="unsuccessfulRegisterLombokTest()" classname="tests.REST_API" time="1.661"/>
  <system-out><![CDATA[Request URI:	https://reqres.in/api/register
HTTP/1.1 400 Bad Request
{
    "error": "Missing password"
}
]]></system-out>
  <system-err><![CDATA[]]></system-err>
</testsuite>
